[INFO ] 2023-07-25 17:24:53.827 [main] Drivermanager - browser selection
[DEBUG] 2023-07-25 17:24:53.931 [main] InternalLoggerFactory - Using Log4J2 as the default logging framework
[DEBUG] 2023-07-25 17:24:53.936 [main] ResourceLeakDetector - -Dio.netty.leakDetection.level: simple
[DEBUG] 2023-07-25 17:24:53.936 [main] ResourceLeakDetector - -Dio.netty.leakDetection.targetRecords: 4
[DEBUG] 2023-07-25 17:24:53.940 [main] ResourceLeakDetectorFactory - Loaded default ResourceLeakDetector: io.netty.util.ResourceLeakDetector@409986fe
[DEBUG] 2023-07-25 17:24:53.952 [main] PlatformDependent0 - -Dio.netty.noUnsafe: false
[DEBUG] 2023-07-25 17:24:53.952 [main] PlatformDependent0 - Java version: 20
[DEBUG] 2023-07-25 17:24:53.953 [main] PlatformDependent0 - sun.misc.Unsafe.theUnsafe: available
[DEBUG] 2023-07-25 17:24:53.955 [main] PlatformDependent0 - sun.misc.Unsafe.copyMemory: available
[DEBUG] 2023-07-25 17:24:53.955 [main] PlatformDependent0 - sun.misc.Unsafe.storeFence: available
[DEBUG] 2023-07-25 17:24:53.956 [main] PlatformDependent0 - java.nio.Buffer.address: available
[DEBUG] 2023-07-25 17:24:53.956 [main] PlatformDependent0 - direct buffer constructor: unavailable: Reflective setAccessible(true) disabled
[DEBUG] 2023-07-25 17:24:53.956 [main] PlatformDependent0 - java.nio.Bits.unaligned: available, true
[DEBUG] 2023-07-25 17:24:53.957 [main] PlatformDependent0 - jdk.internal.misc.Unsafe.allocateUninitializedArray(int): unavailable: class io.netty.util.internal.PlatformDependent0$7 cannot access class jdk.internal.misc.Unsafe (in module java.base) because module java.base does not export jdk.internal.misc to unnamed module @2752f6e2
[DEBUG] 2023-07-25 17:24:53.958 [main] PlatformDependent0 - java.nio.DirectByteBuffer.<init>(long, int): unavailable
[DEBUG] 2023-07-25 17:24:53.958 [main] PlatformDependent - sun.misc.Unsafe: available
[DEBUG] 2023-07-25 17:24:53.958 [main] PlatformDependent - maxDirectMemory: 4229955584 bytes (maybe)
[DEBUG] 2023-07-25 17:24:53.958 [main] PlatformDependent - -Dio.netty.tmpdir: C:\Users\ashok\AppData\Local\Temp (java.io.tmpdir)
[DEBUG] 2023-07-25 17:24:53.958 [main] PlatformDependent - -Dio.netty.bitMode: 64 (sun.arch.data.model)
[DEBUG] 2023-07-25 17:24:53.959 [main] PlatformDependent - Platform: Windows
[DEBUG] 2023-07-25 17:24:53.959 [main] PlatformDependent - -Dio.netty.maxDirectMemory: -1 bytes
[DEBUG] 2023-07-25 17:24:53.959 [main] PlatformDependent - -Dio.netty.uninitializedArrayAllocationThreshold: -1
[DEBUG] 2023-07-25 17:24:53.960 [main] CleanerJava9 - java.nio.ByteBuffer.cleaner(): available
[DEBUG] 2023-07-25 17:24:53.960 [main] PlatformDependent - -Dio.netty.noPreferDirect: false
[DEBUG] 2023-07-25 17:24:53.966 [main] PlatformDependent - org.jctools-core.MpscChunkedArrayQueue: available
[DEBUG] 2023-07-25 17:24:53.978 [main] InternalThreadLocalMap - -Dio.netty.threadLocalMap.stringBuilder.initialSize: 1024
[DEBUG] 2023-07-25 17:24:53.978 [main] InternalThreadLocalMap - -Dio.netty.threadLocalMap.stringBuilder.maxSize: 4096
[DEBUG] 2023-07-25 17:24:53.987 [main] JdkSslContext - Default protocols (JDK): [TLSv1.3, TLSv1.2] 
[DEBUG] 2023-07-25 17:24:53.987 [main] JdkSslContext - Default cipher suites (JDK): [TLS_ECDHE_ECDSA_WITH_AES_256_GCM_SHA384, TLS_ECDHE_ECDSA_WITH_AES_128_GCM_SHA256, TLS_ECDHE_RSA_WITH_AES_128_GCM_SHA256, TLS_ECDHE_RSA_WITH_AES_256_GCM_SHA384, TLS_ECDHE_RSA_WITH_AES_128_CBC_SHA, TLS_ECDHE_RSA_WITH_AES_256_CBC_SHA, TLS_RSA_WITH_AES_128_GCM_SHA256, TLS_RSA_WITH_AES_128_CBC_SHA, TLS_RSA_WITH_AES_256_CBC_SHA, TLS_AES_128_GCM_SHA256, TLS_AES_256_GCM_SHA384]
[DEBUG] 2023-07-25 17:24:53.996 [main] GlobalEventExecutor - -Dio.netty.globalEventExecutor.quietPeriodSeconds: 1
[DEBUG] 2023-07-25 17:24:54.006 [main] MultithreadEventLoopGroup - -Dio.netty.eventLoopThreads: 16
[DEBUG] 2023-07-25 17:24:54.012 [main] NioEventLoop - -Dio.netty.noKeySetOptimization: false
[DEBUG] 2023-07-25 17:24:54.012 [main] NioEventLoop - -Dio.netty.selectorAutoRebuildThreshold: 512
[DEBUG] 2023-07-25 17:24:54.053 [main] PooledByteBufAllocator - -Dio.netty.allocator.numHeapArenas: 16
[DEBUG] 2023-07-25 17:24:54.053 [main] PooledByteBufAllocator - -Dio.netty.allocator.numDirectArenas: 16
[DEBUG] 2023-07-25 17:24:54.053 [main] PooledByteBufAllocator - -Dio.netty.allocator.pageSize: 8192
[DEBUG] 2023-07-25 17:24:54.053 [main] PooledByteBufAllocator - -Dio.netty.allocator.maxOrder: 9
[DEBUG] 2023-07-25 17:24:54.053 [main] PooledByteBufAllocator - -Dio.netty.allocator.chunkSize: 4194304
[DEBUG] 2023-07-25 17:24:54.053 [main] PooledByteBufAllocator - -Dio.netty.allocator.smallCacheSize: 256
[DEBUG] 2023-07-25 17:24:54.053 [main] PooledByteBufAllocator - -Dio.netty.allocator.normalCacheSize: 64
[DEBUG] 2023-07-25 17:24:54.053 [main] PooledByteBufAllocator - -Dio.netty.allocator.maxCachedBufferCapacity: 32768
[DEBUG] 2023-07-25 17:24:54.053 [main] PooledByteBufAllocator - -Dio.netty.allocator.cacheTrimInterval: 8192
[DEBUG] 2023-07-25 17:24:54.053 [main] PooledByteBufAllocator - -Dio.netty.allocator.cacheTrimIntervalMillis: 0
[DEBUG] 2023-07-25 17:24:54.053 [main] PooledByteBufAllocator - -Dio.netty.allocator.useCacheForAllThreads: false
[DEBUG] 2023-07-25 17:24:54.053 [main] PooledByteBufAllocator - -Dio.netty.allocator.maxCachedByteBuffersPerChunk: 1023
[DEBUG] 2023-07-25 17:24:54.064 [main] ByteBufUtil - -Dio.netty.allocator.type: pooled
[DEBUG] 2023-07-25 17:24:54.064 [main] ByteBufUtil - -Dio.netty.threadLocalDirectBufferSize: 0
[DEBUG] 2023-07-25 17:24:54.064 [main] ByteBufUtil - -Dio.netty.maxThreadLocalCharBufferSize: 16384
[DEBUG] 2023-07-25 17:24:54.265 [Forwarding newSession on session null to remote] DefaultChannelId - -Dio.netty.processId: 21100 (auto-detected)
[DEBUG] 2023-07-25 17:24:54.267 [Forwarding newSession on session null to remote] NetUtil - -Djava.net.preferIPv4Stack: false
[DEBUG] 2023-07-25 17:24:54.267 [Forwarding newSession on session null to remote] NetUtil - -Djava.net.preferIPv6Addresses: false
[DEBUG] 2023-07-25 17:24:54.277 [Forwarding newSession on session null to remote] NetUtilInitializations - Loopback interface: lo (Software Loopback Interface 1, 127.0.0.1)
[DEBUG] 2023-07-25 17:24:54.278 [Forwarding newSession on session null to remote] NetUtil - Failed to get SOMAXCONN from sysctl and file \proc\sys\net\core\somaxconn. Default: 200
[DEBUG] 2023-07-25 17:24:54.305 [Forwarding newSession on session null to remote] DefaultChannelId - -Dio.netty.machineId: 5c:e4:2a:ff:fe:fe:12:30 (auto-detected)
[DEBUG] 2023-07-25 17:24:54.341 [AsyncHttpClient-1-2] AbstractByteBuf - -Dio.netty.buffer.checkAccessible: true
[DEBUG] 2023-07-25 17:24:54.341 [AsyncHttpClient-1-2] AbstractByteBuf - -Dio.netty.buffer.checkBounds: true
[DEBUG] 2023-07-25 17:24:54.341 [AsyncHttpClient-1-2] ResourceLeakDetectorFactory - Loaded default ResourceLeakDetector: io.netty.util.ResourceLeakDetector@1abf0d6e
[DEBUG] 2023-07-25 17:24:54.361 [AsyncHttpClient-1-2] Recycler - -Dio.netty.recycler.maxCapacityPerThread: 4096
[DEBUG] 2023-07-25 17:24:54.361 [AsyncHttpClient-1-2] Recycler - -Dio.netty.recycler.ratio: 8
[DEBUG] 2023-07-25 17:24:54.361 [AsyncHttpClient-1-2] Recycler - -Dio.netty.recycler.chunkSize: 32
[DEBUG] 2023-07-25 17:24:54.361 [AsyncHttpClient-1-2] Recycler - -Dio.netty.recycler.blocking: false
[DEBUG] 2023-07-25 17:24:54.361 [AsyncHttpClient-1-2] Recycler - -Dio.netty.recycler.batchFastThreadLocalOnly: true
[DEBUG] 2023-07-25 17:24:55.050 [AsyncHttpClient-1-2] Brotli - brotli4j not in the classpath; Brotli support will be unavailable.
[DEBUG] 2023-07-25 17:24:55.114 [main] ThreadLocalRandom - -Dio.netty.initialSeedUniquifier: 0x22da1090199a3fce
[INFO ] 2023-08-09 23:16:23.454 [TestNG-tests-1] Drivermanager - browser selection
[DEBUG] 2023-08-09 23:16:23.555 [TestNG-tests-1] InternalLoggerFactory - Using Log4J2 as the default logging framework
[DEBUG] 2023-08-09 23:16:23.560 [TestNG-tests-1] ResourceLeakDetector - -Dio.netty.leakDetection.level: simple
[DEBUG] 2023-08-09 23:16:23.561 [TestNG-tests-1] ResourceLeakDetector - -Dio.netty.leakDetection.targetRecords: 4
[DEBUG] 2023-08-09 23:16:23.563 [TestNG-tests-1] ResourceLeakDetectorFactory - Loaded default ResourceLeakDetector: io.netty.util.ResourceLeakDetector@3417e6e0
[DEBUG] 2023-08-09 23:16:23.576 [TestNG-tests-1] PlatformDependent0 - -Dio.netty.noUnsafe: false
[DEBUG] 2023-08-09 23:16:23.576 [TestNG-tests-1] PlatformDependent0 - Java version: 20
[DEBUG] 2023-08-09 23:16:23.577 [TestNG-tests-1] PlatformDependent0 - sun.misc.Unsafe.theUnsafe: available
[DEBUG] 2023-08-09 23:16:23.577 [TestNG-tests-1] PlatformDependent0 - sun.misc.Unsafe.copyMemory: available
[DEBUG] 2023-08-09 23:16:23.578 [TestNG-tests-1] PlatformDependent0 - sun.misc.Unsafe.storeFence: available
[DEBUG] 2023-08-09 23:16:23.578 [TestNG-tests-1] PlatformDependent0 - java.nio.Buffer.address: available
[DEBUG] 2023-08-09 23:16:23.579 [TestNG-tests-1] PlatformDependent0 - direct buffer constructor: unavailable: Reflective setAccessible(true) disabled
[DEBUG] 2023-08-09 23:16:23.579 [TestNG-tests-1] PlatformDependent0 - java.nio.Bits.unaligned: available, true
[DEBUG] 2023-08-09 23:16:23.580 [TestNG-tests-1] PlatformDependent0 - jdk.internal.misc.Unsafe.allocateUninitializedArray(int): unavailable: class io.netty.util.internal.PlatformDependent0$7 cannot access class jdk.internal.misc.Unsafe (in module java.base) because module java.base does not export jdk.internal.misc to unnamed module @4aa8f0b4
[DEBUG] 2023-08-09 23:16:23.581 [TestNG-tests-1] PlatformDependent0 - java.nio.DirectByteBuffer.<init>(long, int): unavailable
[DEBUG] 2023-08-09 23:16:23.581 [TestNG-tests-1] PlatformDependent - sun.misc.Unsafe: available
[DEBUG] 2023-08-09 23:16:23.583 [TestNG-tests-1] PlatformDependent - maxDirectMemory: 4229955584 bytes (maybe)
[DEBUG] 2023-08-09 23:16:23.583 [TestNG-tests-1] PlatformDependent - -Dio.netty.tmpdir: C:\Users\ashok\AppData\Local\Temp (java.io.tmpdir)
[DEBUG] 2023-08-09 23:16:23.583 [TestNG-tests-1] PlatformDependent - -Dio.netty.bitMode: 64 (sun.arch.data.model)
[DEBUG] 2023-08-09 23:16:23.583 [TestNG-tests-1] PlatformDependent - Platform: Windows
[DEBUG] 2023-08-09 23:16:23.584 [TestNG-tests-1] PlatformDependent - -Dio.netty.maxDirectMemory: -1 bytes
[DEBUG] 2023-08-09 23:16:23.584 [TestNG-tests-1] PlatformDependent - -Dio.netty.uninitializedArrayAllocationThreshold: -1
[DEBUG] 2023-08-09 23:16:23.585 [TestNG-tests-1] CleanerJava9 - java.nio.ByteBuffer.cleaner(): available
[DEBUG] 2023-08-09 23:16:23.585 [TestNG-tests-1] PlatformDependent - -Dio.netty.noPreferDirect: false
[DEBUG] 2023-08-09 23:16:23.589 [TestNG-tests-1] PlatformDependent - org.jctools-core.MpscChunkedArrayQueue: available
[DEBUG] 2023-08-09 23:16:23.603 [TestNG-tests-1] InternalThreadLocalMap - -Dio.netty.threadLocalMap.stringBuilder.initialSize: 1024
[DEBUG] 2023-08-09 23:16:23.603 [TestNG-tests-1] InternalThreadLocalMap - -Dio.netty.threadLocalMap.stringBuilder.maxSize: 4096
[DEBUG] 2023-08-09 23:16:23.613 [TestNG-tests-1] JdkSslContext - Default protocols (JDK): [TLSv1.3, TLSv1.2] 
[DEBUG] 2023-08-09 23:16:23.613 [TestNG-tests-1] JdkSslContext - Default cipher suites (JDK): [TLS_ECDHE_ECDSA_WITH_AES_256_GCM_SHA384, TLS_ECDHE_ECDSA_WITH_AES_128_GCM_SHA256, TLS_ECDHE_RSA_WITH_AES_128_GCM_SHA256, TLS_ECDHE_RSA_WITH_AES_256_GCM_SHA384, TLS_ECDHE_RSA_WITH_AES_128_CBC_SHA, TLS_ECDHE_RSA_WITH_AES_256_CBC_SHA, TLS_RSA_WITH_AES_128_GCM_SHA256, TLS_RSA_WITH_AES_128_CBC_SHA, TLS_RSA_WITH_AES_256_CBC_SHA, TLS_AES_128_GCM_SHA256, TLS_AES_256_GCM_SHA384]
[DEBUG] 2023-08-09 23:16:23.633 [TestNG-tests-1] GlobalEventExecutor - -Dio.netty.globalEventExecutor.quietPeriodSeconds: 1
[DEBUG] 2023-08-09 23:16:23.642 [TestNG-tests-1] MultithreadEventLoopGroup - -Dio.netty.eventLoopThreads: 16
[DEBUG] 2023-08-09 23:16:23.649 [TestNG-tests-1] NioEventLoop - -Dio.netty.noKeySetOptimization: false
[DEBUG] 2023-08-09 23:16:23.649 [TestNG-tests-1] NioEventLoop - -Dio.netty.selectorAutoRebuildThreshold: 512
[DEBUG] 2023-08-09 23:16:23.694 [TestNG-tests-1] PooledByteBufAllocator - -Dio.netty.allocator.numHeapArenas: 16
[DEBUG] 2023-08-09 23:16:23.694 [TestNG-tests-1] PooledByteBufAllocator - -Dio.netty.allocator.numDirectArenas: 16
[DEBUG] 2023-08-09 23:16:23.694 [TestNG-tests-1] PooledByteBufAllocator - -Dio.netty.allocator.pageSize: 8192
[DEBUG] 2023-08-09 23:16:23.694 [TestNG-tests-1] PooledByteBufAllocator - -Dio.netty.allocator.maxOrder: 9
[DEBUG] 2023-08-09 23:16:23.694 [TestNG-tests-1] PooledByteBufAllocator - -Dio.netty.allocator.chunkSize: 4194304
[DEBUG] 2023-08-09 23:16:23.694 [TestNG-tests-1] PooledByteBufAllocator - -Dio.netty.allocator.smallCacheSize: 256
[DEBUG] 2023-08-09 23:16:23.694 [TestNG-tests-1] PooledByteBufAllocator - -Dio.netty.allocator.normalCacheSize: 64
[DEBUG] 2023-08-09 23:16:23.694 [TestNG-tests-1] PooledByteBufAllocator - -Dio.netty.allocator.maxCachedBufferCapacity: 32768
[DEBUG] 2023-08-09 23:16:23.694 [TestNG-tests-1] PooledByteBufAllocator - -Dio.netty.allocator.cacheTrimInterval: 8192
[DEBUG] 2023-08-09 23:16:23.694 [TestNG-tests-1] PooledByteBufAllocator - -Dio.netty.allocator.cacheTrimIntervalMillis: 0
[DEBUG] 2023-08-09 23:16:23.694 [TestNG-tests-1] PooledByteBufAllocator - -Dio.netty.allocator.useCacheForAllThreads: false
[DEBUG] 2023-08-09 23:16:23.695 [TestNG-tests-1] PooledByteBufAllocator - -Dio.netty.allocator.maxCachedByteBuffersPerChunk: 1023
[DEBUG] 2023-08-09 23:16:23.702 [TestNG-tests-1] ByteBufUtil - -Dio.netty.allocator.type: pooled
[DEBUG] 2023-08-09 23:16:23.702 [TestNG-tests-1] ByteBufUtil - -Dio.netty.threadLocalDirectBufferSize: 0
[DEBUG] 2023-08-09 23:16:23.703 [TestNG-tests-1] ByteBufUtil - -Dio.netty.maxThreadLocalCharBufferSize: 16384
[DEBUG] 2023-08-09 23:16:24.009 [Forwarding newSession on session null to remote] DefaultChannelId - -Dio.netty.processId: 15220 (auto-detected)
[DEBUG] 2023-08-09 23:16:24.011 [Forwarding newSession on session null to remote] NetUtil - -Djava.net.preferIPv4Stack: false
[DEBUG] 2023-08-09 23:16:24.011 [Forwarding newSession on session null to remote] NetUtil - -Djava.net.preferIPv6Addresses: false
[DEBUG] 2023-08-09 23:16:24.023 [Forwarding newSession on session null to remote] NetUtilInitializations - Loopback interface: lo (Software Loopback Interface 1, 127.0.0.1)
[DEBUG] 2023-08-09 23:16:24.024 [Forwarding newSession on session null to remote] NetUtil - Failed to get SOMAXCONN from sysctl and file \proc\sys\net\core\somaxconn. Default: 200
[DEBUG] 2023-08-09 23:16:24.056 [Forwarding newSession on session null to remote] DefaultChannelId - -Dio.netty.machineId: 5c:e4:2a:ff:fe:fe:12:30 (auto-detected)
[DEBUG] 2023-08-09 23:16:24.104 [AsyncHttpClient-1-2] AbstractByteBuf - -Dio.netty.buffer.checkAccessible: true
[DEBUG] 2023-08-09 23:16:24.105 [AsyncHttpClient-1-2] AbstractByteBuf - -Dio.netty.buffer.checkBounds: true
[DEBUG] 2023-08-09 23:16:24.105 [AsyncHttpClient-1-2] ResourceLeakDetectorFactory - Loaded default ResourceLeakDetector: io.netty.util.ResourceLeakDetector@7641f294
[DEBUG] 2023-08-09 23:16:24.126 [AsyncHttpClient-1-2] Recycler - -Dio.netty.recycler.maxCapacityPerThread: 4096
[DEBUG] 2023-08-09 23:16:24.126 [AsyncHttpClient-1-2] Recycler - -Dio.netty.recycler.ratio: 8
[DEBUG] 2023-08-09 23:16:24.126 [AsyncHttpClient-1-2] Recycler - -Dio.netty.recycler.chunkSize: 32
[DEBUG] 2023-08-09 23:16:24.126 [AsyncHttpClient-1-2] Recycler - -Dio.netty.recycler.blocking: false
[DEBUG] 2023-08-09 23:16:24.126 [AsyncHttpClient-1-2] Recycler - -Dio.netty.recycler.batchFastThreadLocalOnly: true
[INFO ] 2023-08-09 23:16:24.887 [TestNG-tests-2] Drivermanager - browser selection
[DEBUG] 2023-08-09 23:16:25.027 [AsyncHttpClient-1-2] Brotli - brotli4j not in the classpath; Brotli support will be unavailable.
[DEBUG] 2023-08-09 23:16:25.121 [TestNG-tests-1] ThreadLocalRandom - -Dio.netty.initialSeedUniquifier: 0x4ffbaa35ffcdb433
